<?xml version="1.0" encoding="UTF-8"?>
<testsuite xmlns:xsi="http://www.w3.org/2001/XMLSchema-instance" xsi:noNamespaceSchemaLocation="https://maven.apache.org/surefire/maven-surefire-plugin/xsd/surefire-test-report.xsd" name="org.example.AppTest" time="0.048" tests="1" errors="0" skipped="0" failures="0">
  <properties>
    <property name="sun.desktop" value="windows"/>
    <property name="awt.toolkit" value="sun.awt.windows.WToolkit"/>
    <property name="file.encoding.pkg" value="sun.io"/>
    <property name="java.specification.version" value="1.8"/>
    <property name="sun.cpu.isalist" value="amd64"/>
    <property name="sun.jnu.encoding" value="Cp1252"/>
    <property name="java.class.path" value="c:\Study\java-practice\my-projects\javapractice\target\test-classes;c:\Study\java-practice\my-projects\javapractice\target\classes;C:\Users\shamb\.m2\repository\junit\junit\4.11\junit-4.11.jar;C:\Users\shamb\.m2\repository\org\hamcrest\hamcrest-core\1.3\hamcrest-core-1.3.jar;"/>
    <property name="java.vm.vendor" value="Oracle Corporation"/>
    <property name="sun.arch.data.model" value="64"/>
    <property name="user.variant" value=""/>
    <property name="java.vendor.url" value="http://java.oracle.com/"/>
    <property name="user.timezone" value="Europe/London"/>
    <property name="java.vm.specification.version" value="1.8"/>
    <property name="os.name" value="Windows 10"/>
    <property name="user.country" value="GB"/>
    <property name="sun.java.launcher" value="SUN_STANDARD"/>
    <property name="sun.boot.library.path" value="C:\Java\jdk1.8.0_281\jre\bin"/>
    <property name="sun.java.command" value="C:\Users\shamb\AppData\Local\Temp\surefire302510684895882762\surefirebooter1887391586925676753.jar C:\Users\shamb\AppData\Local\Temp\surefire302510684895882762 2021-02-23T22-48-50_231-jvmRun1 surefire1089930443414650782tmp surefire_05990183896364520187tmp"/>
    <property name="surefire.test.class.path" value="c:\Study\java-practice\my-projects\javapractice\target\test-classes;c:\Study\java-practice\my-projects\javapractice\target\classes;C:\Users\shamb\.m2\repository\junit\junit\4.11\junit-4.11.jar;C:\Users\shamb\.m2\repository\org\hamcrest\hamcrest-core\1.3\hamcrest-core-1.3.jar;"/>
    <property name="sun.cpu.endian" value="little"/>
    <property name="user.home" value="C:\Users\shamb"/>
    <property name="user.language" value="en"/>
    <property name="java.specification.vendor" value="Oracle Corporation"/>
    <property name="java.home" value="C:\Java\jdk1.8.0_281\jre"/>
    <property name="basedir" value="c:\Study\java-practice\my-projects\javapractice"/>
    <property name="file.separator" value="\"/>
    <property name="line.separator" value="&#10;"/>
    <property name="java.vm.specification.vendor" value="Oracle Corporation"/>
    <property name="java.specification.name" value="Java Platform API Specification"/>
    <property name="java.awt.graphicsenv" value="sun.awt.Win32GraphicsEnvironment"/>
    <property name="surefire.real.class.path" value="C:\Users\shamb\AppData\Local\Temp\surefire302510684895882762\surefirebooter1887391586925676753.jar"/>
    <property name="sun.boot.class.path" value="C:\Java\jdk1.8.0_281\jre\lib\resources.jar;C:\Java\jdk1.8.0_281\jre\lib\rt.jar;C:\Java\jdk1.8.0_281\jre\lib\sunrsasign.jar;C:\Java\jdk1.8.0_281\jre\lib\jsse.jar;C:\Java\jdk1.8.0_281\jre\lib\jce.jar;C:\Java\jdk1.8.0_281\jre\lib\charsets.jar;C:\Java\jdk1.8.0_281\jre\lib\jfr.jar;C:\Java\jdk1.8.0_281\jre\classes"/>
    <property name="user.script" value=""/>
    <property name="sun.management.compiler" value="HotSpot 64-Bit Tiered Compilers"/>
    <property name="java.runtime.version" value="1.8.0_281-b09"/>
    <property name="user.name" value="shamb"/>
    <property name="path.separator" value=";"/>
    <property name="os.version" value="10.0"/>
    <property name="java.endorsed.dirs" value="C:\Java\jdk1.8.0_281\jre\lib\endorsed"/>
    <property name="java.runtime.name" value="Java(TM) SE Runtime Environment"/>
    <property name="file.encoding" value="Cp1252"/>
    <property name="java.vm.name" value="Java HotSpot(TM) 64-Bit Server VM"/>
    <property name="localRepository" value="C:\Users\shamb\.m2\repository"/>
    <property name="java.vendor.url.bug" value="http://bugreport.sun.com/bugreport/"/>
    <property name="java.io.tmpdir" value="C:\Users\shamb\AppData\Local\Temp\"/>
    <property name="java.version" value="1.8.0_281"/>
    <property name="user.dir" value="c:\Study\java-practice\my-projects\javapractice"/>
    <property name="os.arch" value="amd64"/>
    <property name="java.vm.specification.name" value="Java Virtual Machine Specification"/>
    <property name="java.awt.printerjob" value="sun.awt.windows.WPrinterJob"/>
    <property name="sun.os.patch.level" value=""/>
    <property name="java.library.path" value="C:\Java\jdk1.8.0_281\jre\bin;C:\windows\Sun\Java\bin;C:\windows\system32;C:\windows;C:\Program Files\Common Files\Oracle\Java\javapath;C:\Python39\Scripts\;C:\Python39\;C:\windows\system32;C:\windows;C:\windows\System32\Wbem;C:\windows\System32\WindowsPowerShell\v1.0\;C:\windows\System32\OpenSSH\;C:\installations\Git\cmd;C:\Program Files\Docker\Docker\resources\bin;C:\ProgramData\DockerDesktop\version-bin;C:\Java\jdk1.8.0_271\bin;C:\installations\nodejs\;C:\ProgramData\chocolatey\bin;C:\installations\putty\;C:\Users\shamb\AppData\Local\Microsoft\WindowsApps;C:\Softwares\apache-maven-3.6.3-bin\apache-maven-3.6.3\bin;C:\Softwares\vault_1.6.0-rc_windows_amd64;C:\Program Files\MongoDB\Server\4.4\bin;C:\Java\jdk1.8.0_281\bin;;C:\installations\MicrosoftVSCode\bin;C:\installations\WebStorm 2019.1.3\bin;;C:\Users\shamb\AppData\Roaming\npm;C:\installations\IntelliJ IDEA Community Edition 2020.3.2\bin;;."/>
    <property name="java.vm.info" value="mixed mode"/>
    <property name="java.vendor" value="Oracle Corporation"/>
    <property name="java.vm.version" value="25.281-b09"/>
    <property name="java.ext.dirs" value="C:\Java\jdk1.8.0_281\jre\lib\ext;C:\windows\Sun\Java\lib\ext"/>
    <property name="sun.io.unicode.encoding" value="UnicodeLittle"/>
    <property name="java.class.version" value="52.0"/>
  </properties>
  <testcase name="shouldAnswerWithTrue" classname="org.example.AppTest" time="0.002"/>
</testsuite>